<?xml version="1.0" encoding="UTF-8"?>
<!-- Generated by org.testng.reporters.JUnitXMLReporter -->
<testsuite ignored="2" hostname="TYSS" failures="1" tests="1" name="Test" time="124.53" errors="0" timestamp="2023-09-08T16:04:38 IST">
  <testcase classname="TestNg.wipro" name="WiproCompany" time="124.431">
    <failure type="org.openqa.selenium.remote.NoSuchDriverException" message="Unable to obtain: Capabilities {browserName: chrome, goog:chromeOptions: {args: [--remote-allow-origins=*], extensions: []}}, error Command failed with code: 65, executed: [C:\Users\TYSS\AppData\Local\Temp\selenium-manager96970031934000015987587005601010254\selenium-manager.exe, --browser, chrome, --output, json]
request or response body error: error reading a body from connection: connection reset
Build info: version: &amp;apos;4.11.0&amp;apos;, revision: &amp;apos;040bc5406b&amp;apos;
System info: os.name: &amp;apos;Windows 10&amp;apos;, os.arch: &amp;apos;amd64&amp;apos;, os.version: &amp;apos;10.0&amp;apos;, java.version: &amp;apos;17.0.8&amp;apos;
Driver info: driver.version: ChromeDriver">
      <![CDATA[org.openqa.selenium.remote.NoSuchDriverException: Unable to obtain: Capabilities {browserName: chrome, goog:chromeOptions: {args: [--remote-allow-origins=*], extensions: []}}, error Command failed with code: 65, executed: [C:\Users\TYSS\AppData\Local\Temp\selenium-manager96970031934000015987587005601010254\selenium-manager.exe, --browser, chrome, --output, json]
request or response body error: error reading a body from connection: connection reset
Build info: version: '4.11.0', revision: '040bc5406b'
System info: os.name: 'Windows 10', os.arch: 'amd64', os.version: '10.0', java.version: '17.0.8'
Driver info: driver.version: ChromeDriver
at org.openqa.selenium.remote.service.DriverFinder.getPath(DriverFinder.java:25)
at org.openqa.selenium.remote.service.DriverFinder.getPath(DriverFinder.java:13)
at org.openqa.selenium.chrome.ChromeDriver.generateExecutor(ChromeDriver.java:99)
at org.openqa.selenium.chrome.ChromeDriver.<init>(ChromeDriver.java:88)
at org.openqa.selenium.chrome.ChromeDriver.<init>(ChromeDriver.java:83)
at org.openqa.selenium.chrome.ChromeDriver.<init>(ChromeDriver.java:51)
at TestNg.wipro.WiproCompany(wipro.java:13)
at java.base/java.util.ArrayList.forEach(ArrayList.java:1511)
Caused by: org.openqa.selenium.WebDriverException: Command failed with code: 65, executed: [C:\Users\TYSS\AppData\Local\Temp\selenium-manager96970031934000015987587005601010254\selenium-manager.exe, --browser, chrome, --output, json]
request or response body error: error reading a body from connection: connection reset
Build info: version: '4.11.0', revision: '040bc5406b'
System info: os.name: 'Windows 10', os.arch: 'amd64', os.version: '10.0', java.version: '17.0.8'
Driver info: driver.version: ChromeDriver
at org.openqa.selenium.manager.SeleniumManager.runCommand(SeleniumManager.java:151)
at org.openqa.selenium.manager.SeleniumManager.getDriverPath(SeleniumManager.java:273)
at org.openqa.selenium.remote.service.DriverFinder.getPath(DriverFinder.java:22)
... 34 more
... Removed 27 stack frames]]>
    </failure>
  </testcase> <!-- WiproCompany -->
  <testcase classname="TestNg.Infoysis" name="infoysisCompany" time="0.0">
    <ignored/>
  </testcase> <!-- infoysisCompany -->
  <testcase classname="TestNg.google" name="googleCompany" time="0.0">
    <ignored/>
  </testcase> <!-- googleCompany -->
</testsuite> <!-- Test -->
